{"address":"GBIEZBH2DDPZ6YYOTBFFV6EZR3MTQIYX3IN5BLPGKCV7ZREIMW6IXB2B","asset_type":"native","balance":"99.9995000","level":"info","timestamp":"2018-05-29T12:15:36.897901738Z"}
{"address":"GAZCT7DNISOPBKKXJO57AIOBA32SZRU2WHJPF47TL6XNLZEF2AD45CMW","asset_type":"native","balance":"99.9995000","level":"info","timestamp":"2018-05-29T12:15:36.898112894Z"}
{"level":"info","msg":"submitting transaction","source_address":"GBIEZBH2DDPZ6YYOTBFFV6EZR3MTQIYX3IN5BLPGKCV7ZREIMW6IXB2B","timestamp":"2018-05-29T12:15:36.911395804Z","tx_hash":"aaacfc9137300d3ee64fb467134c8ede7daaa2a777dabfc35a8759ba6d9c5e6c"}
{"level":"info","msg":"submitting transaction","source_address":"GAZCT7DNISOPBKKXJO57AIOBA32SZRU2WHJPF47TL6XNLZEF2AD45CMW","timestamp":"2018-05-29T12:15:36.917807301Z","tx_hash":"253ed35fda4943dfc872700587ace9e456c8dda4e25469060e88eb1803b4f798"}
{"level":"info","response_time":"5.865782426s","response_time_nanoseconds":5865782426,"source_address":"GBIEZBH2DDPZ6YYOTBFFV6EZR3MTQIYX3IN5BLPGKCV7ZREIMW6IXB2B","timestamp":"2018-05-29T12:15:42.7773075Z","transaction_status":"success","tx_hash":"aaacfc9137300d3ee64fb467134c8ede7daaa2a777dabfc35a8759ba6d9c5e6c"}
{"level":"info","msg":"submitting transaction","source_address":"GBIEZBH2DDPZ6YYOTBFFV6EZR3MTQIYX3IN5BLPGKCV7ZREIMW6IXB2B","timestamp":"2018-05-29T12:15:42.785463821Z","tx_hash":"02144f2071704017cfaabad9a3ca3c44b038779f14276f5dcaa4f452d00f1638"}
{"level":"info","response_time":"5.877375204s","response_time_nanoseconds":5877375204,"source_address":"GAZCT7DNISOPBKKXJO57AIOBA32SZRU2WHJPF47TL6XNLZEF2AD45CMW","timestamp":"2018-05-29T12:15:42.795291906Z","transaction_status":"success","tx_hash":"253ed35fda4943dfc872700587ace9e456c8dda4e25469060e88eb1803b4f798"}
{"level":"info","msg":"submitting transaction","source_address":"GAZCT7DNISOPBKKXJO57AIOBA32SZRU2WHJPF47TL6XNLZEF2AD45CMW","timestamp":"2018-05-29T12:15:42.804790925Z","tx_hash":"e9747b15828219647756937b394c1c93cf5259596dbb161d181fac73f6f9dd39"}
{"level":"info","response_time":"2.972386918s","response_time_nanoseconds":2972386918,"source_address":"GAZCT7DNISOPBKKXJO57AIOBA32SZRU2WHJPF47TL6XNLZEF2AD45CMW","timestamp":"2018-05-29T12:15:45.777271319Z","transaction_status":"success","tx_hash":"e9747b15828219647756937b394c1c93cf5259596dbb161d181fac73f6f9dd39"}
{"level":"info","msg":"submitting transaction","source_address":"GAZCT7DNISOPBKKXJO57AIOBA32SZRU2WHJPF47TL6XNLZEF2AD45CMW","timestamp":"2018-05-29T12:15:45.790609827Z","tx_hash":"22f3e6c2d231f284bf8ce5bfd7fd57e11a43bfdbf856bdef684aa2b21c8377dd"}
{"level":"info","response_time":"3.015441402s","response_time_nanoseconds":3015441402,"source_address":"GBIEZBH2DDPZ6YYOTBFFV6EZR3MTQIYX3IN5BLPGKCV7ZREIMW6IXB2B","timestamp":"2018-05-29T12:15:45.801049559Z","transaction_status":"success","tx_hash":"02144f2071704017cfaabad9a3ca3c44b038779f14276f5dcaa4f452d00f1638"}
{"level":"info","msg":"submitting transaction","source_address":"GBIEZBH2DDPZ6YYOTBFFV6EZR3MTQIYX3IN5BLPGKCV7ZREIMW6IXB2B","timestamp":"2018-05-29T12:15:45.811983461Z","tx_hash":"c0893c257f0bd67b9736ec89ea736e39dc412f9cdd98d850ee28e27cd881a2ff"}
{"level":"info","response_time":"3.984782684s","response_time_nanoseconds":3984782684,"source_address":"GAZCT7DNISOPBKKXJO57AIOBA32SZRU2WHJPF47TL6XNLZEF2AD45CMW","timestamp":"2018-05-29T12:15:49.777672183Z","transaction_status":"success","tx_hash":"22f3e6c2d231f284bf8ce5bfd7fd57e11a43bfdbf856bdef684aa2b21c8377dd"}
{"level":"info","msg":"submitting transaction","source_address":"GAZCT7DNISOPBKKXJO57AIOBA32SZRU2WHJPF47TL6XNLZEF2AD45CMW","timestamp":"2018-05-29T12:15:49.787419218Z","tx_hash":"474ff2b7328f046769e736ac475571cefcebaf7aec618a71388f5142c58f31b3"}
{"level":"info","response_time":"3.989460181s","response_time_nanoseconds":3989460181,"source_address":"GBIEZBH2DDPZ6YYOTBFFV6EZR3MTQIYX3IN5BLPGKCV7ZREIMW6IXB2B","timestamp":"2018-05-29T12:15:49.801716607Z","transaction_status":"success","tx_hash":"c0893c257f0bd67b9736ec89ea736e39dc412f9cdd98d850ee28e27cd881a2ff"}
{"level":"info","msg":"submitting transaction","source_address":"GBIEZBH2DDPZ6YYOTBFFV6EZR3MTQIYX3IN5BLPGKCV7ZREIMW6IXB2B","timestamp":"2018-05-29T12:15:49.809213423Z","tx_hash":"722a3028a1e64820f6219257ede1c349e4880dc62d672af165c56efa6acb082b"}
{"level":"info","response_time":"5.977625785s","response_time_nanoseconds":5977625785,"source_address":"GBIEZBH2DDPZ6YYOTBFFV6EZR3MTQIYX3IN5BLPGKCV7ZREIMW6IXB2B","timestamp":"2018-05-29T12:15:55.787082351Z","transaction_status":"success","tx_hash":"722a3028a1e64820f6219257ede1c349e4880dc62d672af165c56efa6acb082b"}
{"level":"info","msg":"submitting transaction","source_address":"GBIEZBH2DDPZ6YYOTBFFV6EZR3MTQIYX3IN5BLPGKCV7ZREIMW6IXB2B","timestamp":"2018-05-29T12:15:55.808677868Z","tx_hash":"f1053a86e901d94e482a94f73a724fd5ba5c8ecb20ba993714f1b622195e5d37"}
{"level":"info","response_time":"6.021495319s","response_time_nanoseconds":6021495319,"source_address":"GAZCT7DNISOPBKKXJO57AIOBA32SZRU2WHJPF47TL6XNLZEF2AD45CMW","timestamp":"2018-05-29T12:15:55.80912341Z","transaction_status":"success","tx_hash":"474ff2b7328f046769e736ac475571cefcebaf7aec618a71388f5142c58f31b3"}
{"level":"info","msg":"submitting transaction","source_address":"GAZCT7DNISOPBKKXJO57AIOBA32SZRU2WHJPF47TL6XNLZEF2AD45CMW","timestamp":"2018-05-29T12:15:55.819419309Z","tx_hash":"d0abce6900563217eeb818648ddd6697e04f5842e0e5041678ed7e8390445f6c"}
{"level":"info","response_time":"3.952745674s","response_time_nanoseconds":3952745674,"source_address":"GAZCT7DNISOPBKKXJO57AIOBA32SZRU2WHJPF47TL6XNLZEF2AD45CMW","timestamp":"2018-05-29T12:15:59.772272868Z","transaction_status":"success","tx_hash":"d0abce6900563217eeb818648ddd6697e04f5842e0e5041678ed7e8390445f6c"}
{"level":"info","msg":"submitting transaction","source_address":"GAZCT7DNISOPBKKXJO57AIOBA32SZRU2WHJPF47TL6XNLZEF2AD45CMW","timestamp":"2018-05-29T12:15:59.783573922Z","tx_hash":"eaae7ae2b3d946bb0689e1dab91deb152d2559ccb65e788426f8b4f064d79f22"}
{"level":"info","response_time":"3.995369658s","response_time_nanoseconds":3995369658,"source_address":"GBIEZBH2DDPZ6YYOTBFFV6EZR3MTQIYX3IN5BLPGKCV7ZREIMW6IXB2B","timestamp":"2018-05-29T12:15:59.804232037Z","transaction_status":"success","tx_hash":"f1053a86e901d94e482a94f73a724fd5ba5c8ecb20ba993714f1b622195e5d37"}
{"level":"info","msg":"submitting transaction","source_address":"GBIEZBH2DDPZ6YYOTBFFV6EZR3MTQIYX3IN5BLPGKCV7ZREIMW6IXB2B","timestamp":"2018-05-29T12:15:59.816215178Z","tx_hash":"f7a42ecef25cead935c82f87e8abd81e74dd76a924e7a867bde755e0ff8fe441"}
{"level":"info","response_time":"5.961860334s","response_time_nanoseconds":5961860334,"source_address":"GBIEZBH2DDPZ6YYOTBFFV6EZR3MTQIYX3IN5BLPGKCV7ZREIMW6IXB2B","timestamp":"2018-05-29T12:16:05.778252467Z","transaction_status":"success","tx_hash":"f7a42ecef25cead935c82f87e8abd81e74dd76a924e7a867bde755e0ff8fe441"}
{"level":"info","msg":"submitting transaction","source_address":"GBIEZBH2DDPZ6YYOTBFFV6EZR3MTQIYX3IN5BLPGKCV7ZREIMW6IXB2B","timestamp":"2018-05-29T12:16:05.785957801Z","tx_hash":"8d73ae459d5ca6a66a86de20435b5b20c90181cdd66ef86f79cac69ccac51b5c"}
{"level":"info","response_time":"6.019873198s","response_time_nanoseconds":6019873198,"source_address":"GAZCT7DNISOPBKKXJO57AIOBA32SZRU2WHJPF47TL6XNLZEF2AD45CMW","timestamp":"2018-05-29T12:16:05.803759199Z","transaction_status":"success","tx_hash":"eaae7ae2b3d946bb0689e1dab91deb152d2559ccb65e788426f8b4f064d79f22"}
{"level":"info","msg":"submitting transaction","source_address":"GAZCT7DNISOPBKKXJO57AIOBA32SZRU2WHJPF47TL6XNLZEF2AD45CMW","timestamp":"2018-05-29T12:16:05.815968015Z","tx_hash":"21c9c6ee987b2d76f3f4732d7e63a6aecde11f190137d4dee975ed2c3e97d546"}
{"level":"info","response_time":"3.996064831s","response_time_nanoseconds":3996064831,"source_address":"GBIEZBH2DDPZ6YYOTBFFV6EZR3MTQIYX3IN5BLPGKCV7ZREIMW6IXB2B","timestamp":"2018-05-29T12:16:09.782171231Z","transaction_status":"success","tx_hash":"8d73ae459d5ca6a66a86de20435b5b20c90181cdd66ef86f79cac69ccac51b5c"}
{"level":"info","msg":"submitting transaction","source_address":"GBIEZBH2DDPZ6YYOTBFFV6EZR3MTQIYX3IN5BLPGKCV7ZREIMW6IXB2B","timestamp":"2018-05-29T12:16:09.791442204Z","tx_hash":"97148f4cccaca50ef573e98f8ea12c6923bce790f6296712c162820bbcddf222"}
{"level":"info","response_time":"3.993730332s","response_time_nanoseconds":3993730332,"source_address":"GAZCT7DNISOPBKKXJO57AIOBA32SZRU2WHJPF47TL6XNLZEF2AD45CMW","timestamp":"2018-05-29T12:16:09.809845956Z","transaction_status":"success","tx_hash":"21c9c6ee987b2d76f3f4732d7e63a6aecde11f190137d4dee975ed2c3e97d546"}
{"level":"info","msg":"submitting transaction","source_address":"GAZCT7DNISOPBKKXJO57AIOBA32SZRU2WHJPF47TL6XNLZEF2AD45CMW","timestamp":"2018-05-29T12:16:09.817438993Z","tx_hash":"0c167142deabad60659b4bde0f1dea40d7a31110ff6eef9e18efbdaae4adcf1b"}
{"level":"info","response_time":"5.984229055s","response_time_nanoseconds":5984229055,"source_address":"GBIEZBH2DDPZ6YYOTBFFV6EZR3MTQIYX3IN5BLPGKCV7ZREIMW6IXB2B","timestamp":"2018-05-29T12:16:15.776149431Z","transaction_status":"success","tx_hash":"97148f4cccaca50ef573e98f8ea12c6923bce790f6296712c162820bbcddf222"}
{"level":"info","msg":"submitting transaction","source_address":"GBIEZBH2DDPZ6YYOTBFFV6EZR3MTQIYX3IN5BLPGKCV7ZREIMW6IXB2B","timestamp":"2018-05-29T12:16:15.786677514Z","tx_hash":"ee2aa8de417235679a5a8f9883252bf76e7891765b65b91653ded68c9bec8adb"}
{"level":"info","response_time":"5.987494448s","response_time_nanoseconds":5987494448,"source_address":"GAZCT7DNISOPBKKXJO57AIOBA32SZRU2WHJPF47TL6XNLZEF2AD45CMW","timestamp":"2018-05-29T12:16:15.805022288Z","transaction_status":"success","tx_hash":"0c167142deabad60659b4bde0f1dea40d7a31110ff6eef9e18efbdaae4adcf1b"}
{"level":"info","msg":"submitting transaction","source_address":"GAZCT7DNISOPBKKXJO57AIOBA32SZRU2WHJPF47TL6XNLZEF2AD45CMW","timestamp":"2018-05-29T12:16:15.822256256Z","tx_hash":"a2e1bc801cbe25b28158b61cbbf6f2e63d7b9f48e5b988e7986f36a2981b4f4e"}
{"level":"info","response_time":"3.955790315s","response_time_nanoseconds":3955790315,"source_address":"GAZCT7DNISOPBKKXJO57AIOBA32SZRU2WHJPF47TL6XNLZEF2AD45CMW","timestamp":"2018-05-29T12:16:19.778172372Z","transaction_status":"success","tx_hash":"a2e1bc801cbe25b28158b61cbbf6f2e63d7b9f48e5b988e7986f36a2981b4f4e"}
{"level":"info","msg":"submitting transaction","source_address":"GAZCT7DNISOPBKKXJO57AIOBA32SZRU2WHJPF47TL6XNLZEF2AD45CMW","timestamp":"2018-05-29T12:16:19.786308642Z","tx_hash":"ba086413d4c5c059fd7ce661806a4e1490d47ee7aac82e429cfb0ba485586e7e"}
{"level":"info","response_time":"4.009066993s","response_time_nanoseconds":4009066993,"source_address":"GBIEZBH2DDPZ6YYOTBFFV6EZR3MTQIYX3IN5BLPGKCV7ZREIMW6IXB2B","timestamp":"2018-05-29T12:16:19.795957648Z","transaction_status":"success","tx_hash":"ee2aa8de417235679a5a8f9883252bf76e7891765b65b91653ded68c9bec8adb"}
{"level":"info","msg":"submitting transaction","source_address":"GBIEZBH2DDPZ6YYOTBFFV6EZR3MTQIYX3IN5BLPGKCV7ZREIMW6IXB2B","timestamp":"2018-05-29T12:16:19.804508932Z","tx_hash":"89a98d9eaa65b65cb92e6f6202dca9ac91e5eaccf04e7dabb8a9fd55760f57e2"}
{"level":"info","response_time":"4.99011906s","response_time_nanoseconds":4990119060,"source_address":"GAZCT7DNISOPBKKXJO57AIOBA32SZRU2WHJPF47TL6XNLZEF2AD45CMW","timestamp":"2018-05-29T12:16:24.776963954Z","transaction_status":"success","tx_hash":"ba086413d4c5c059fd7ce661806a4e1490d47ee7aac82e429cfb0ba485586e7e"}
{"level":"info","msg":"submitting transaction","source_address":"GAZCT7DNISOPBKKXJO57AIOBA32SZRU2WHJPF47TL6XNLZEF2AD45CMW","timestamp":"2018-05-29T12:16:24.793581647Z","tx_hash":"9e0c83b2e94b9b762ecb60b9eb3df5e01e9063c24eef50f6ec44dfeb3c693686"}
{"level":"info","response_time":"4.993598339s","response_time_nanoseconds":4993598339,"source_address":"GBIEZBH2DDPZ6YYOTBFFV6EZR3MTQIYX3IN5BLPGKCV7ZREIMW6IXB2B","timestamp":"2018-05-29T12:16:24.798224625Z","transaction_status":"success","tx_hash":"89a98d9eaa65b65cb92e6f6202dca9ac91e5eaccf04e7dabb8a9fd55760f57e2"}
{"level":"info","msg":"submitting transaction","source_address":"GBIEZBH2DDPZ6YYOTBFFV6EZR3MTQIYX3IN5BLPGKCV7ZREIMW6IXB2B","timestamp":"2018-05-29T12:16:24.810737745Z","tx_hash":"38da36c914dc9359a89dde140e2371c94187371ca961ee9d7fa27c20b3c7c201"}
{"level":"info","response_time":"4.98404548s","response_time_nanoseconds":4984045480,"source_address":"GAZCT7DNISOPBKKXJO57AIOBA32SZRU2WHJPF47TL6XNLZEF2AD45CMW","timestamp":"2018-05-29T12:16:29.777911853Z","transaction_status":"success","tx_hash":"9e0c83b2e94b9b762ecb60b9eb3df5e01e9063c24eef50f6ec44dfeb3c693686"}
{"level":"info","msg":"submitting transaction","source_address":"GAZCT7DNISOPBKKXJO57AIOBA32SZRU2WHJPF47TL6XNLZEF2AD45CMW","timestamp":"2018-05-29T12:16:29.79240178Z","tx_hash":"54bd69e72ea0a464ee51e17710b2682fbd792abddefc6119fd2f4109a8eea4e4"}
{"level":"info","response_time":"4.988650556s","response_time_nanoseconds":4988650556,"source_address":"GBIEZBH2DDPZ6YYOTBFFV6EZR3MTQIYX3IN5BLPGKCV7ZREIMW6IXB2B","timestamp":"2018-05-29T12:16:29.799538315Z","transaction_status":"success","tx_hash":"38da36c914dc9359a89dde140e2371c94187371ca961ee9d7fa27c20b3c7c201"}
{"level":"info","msg":"submitting transaction","source_address":"GBIEZBH2DDPZ6YYOTBFFV6EZR3MTQIYX3IN5BLPGKCV7ZREIMW6IXB2B","timestamp":"2018-05-29T12:16:29.808042672Z","tx_hash":"2fdb029ec21f8ca002181c2f70d070badc4c108141b59580aad65c17ca9166a0"}
{"level":"info","response_time":"4.986945909s","response_time_nanoseconds":4986945909,"source_address":"GAZCT7DNISOPBKKXJO57AIOBA32SZRU2WHJPF47TL6XNLZEF2AD45CMW","timestamp":"2018-05-29T12:16:34.779577352Z","transaction_status":"success","tx_hash":"54bd69e72ea0a464ee51e17710b2682fbd792abddefc6119fd2f4109a8eea4e4"}
{"level":"info","msg":"submitting transaction","source_address":"GAZCT7DNISOPBKKXJO57AIOBA32SZRU2WHJPF47TL6XNLZEF2AD45CMW","timestamp":"2018-05-29T12:16:34.799930896Z","tx_hash":"80182da1b326ac897845a113606e99205f61ad21628d3dca0670311e73c1cfb8"}
{"level":"info","response_time":"4.999849922s","response_time_nanoseconds":4999849922,"source_address":"GBIEZBH2DDPZ6YYOTBFFV6EZR3MTQIYX3IN5BLPGKCV7ZREIMW6IXB2B","timestamp":"2018-05-29T12:16:34.807999202Z","transaction_status":"success","tx_hash":"2fdb029ec21f8ca002181c2f70d070badc4c108141b59580aad65c17ca9166a0"}
{"level":"info","msg":"submitting transaction","source_address":"GBIEZBH2DDPZ6YYOTBFFV6EZR3MTQIYX3IN5BLPGKCV7ZREIMW6IXB2B","timestamp":"2018-05-29T12:16:34.818670041Z","tx_hash":"0791a161ac6ecf43887a53cc49e4f3f4ace6bf3161579ef9031bc79866a53163"}
{"level":"info","msg":"test time reached","timestamp":"2018-05-29T12:16:36.903928491Z"}
{"level":"info","msg":"closing","timestamp":"2018-05-29T12:16:36.904033583Z"}
{"level":"info","response_time":"5.985465574s","response_time_nanoseconds":5985465574,"source_address":"GAZCT7DNISOPBKKXJO57AIOBA32SZRU2WHJPF47TL6XNLZEF2AD45CMW","timestamp":"2018-05-29T12:16:40.785674095Z","transaction_status":"success","tx_hash":"80182da1b326ac897845a113606e99205f61ad21628d3dca0670311e73c1cfb8"}
{"level":"info","response_time":"5.981669764s","response_time_nanoseconds":5981669764,"source_address":"GBIEZBH2DDPZ6YYOTBFFV6EZR3MTQIYX3IN5BLPGKCV7ZREIMW6IXB2B","timestamp":"2018-05-29T12:16:40.800594855Z","transaction_status":"success","tx_hash":"0791a161ac6ecf43887a53cc49e4f3f4ace6bf3161579ef9031bc79866a53163"}
{"execution_time":"1m3.896880068s","level":"info","timestamp":"2018-05-29T12:16:40.800687589Z"}
{"address":"GBIEZBH2DDPZ6YYOTBFFV6EZR3MTQIYX3IN5BLPGKCV7ZREIMW6IXB2B","asset_type":"native","balance":"99.9735000","level":"info","timestamp":"2018-05-29T12:16:40.807801895Z"}
{"address":"GAZCT7DNISOPBKKXJO57AIOBA32SZRU2WHJPF47TL6XNLZEF2AD45CMW","asset_type":"native","balance":"99.9735000","level":"info","timestamp":"2018-05-29T12:16:40.809643968Z"}
